{"numFailedTestSuites":0,"numFailedTests":0,"numPassedTestSuites":25,"numPassedTests":395,"numPendingTestSuites":0,"numPendingTests":0,"numRuntimeErrorTestSuites":0,"numTodoTests":0,"numTotalTestSuites":25,"numTotalTests":395,"openHandles":[],"snapshot":{"added":0,"didUpdate":false,"failure":false,"filesAdded":0,"filesRemoved":0,"filesRemovedList":[],"filesUnmatched":0,"filesUpdated":0,"matched":0,"total":0,"unchecked":0,"uncheckedKeysByFile":[],"unmatched":0,"updated":0},"startTime":1758419607643,"success":true,"testResults":[{"assertionResults":[{"ancestorTitles":["cloneRepo","Environment validation"],"duration":21,"failureDetails":[],"failureMessages":[],"fullName":"cloneRepo Environment validation should throw error when GITHUB_LOCAL_WORKSPACE is not set","invocations":1,"location":null,"numPassingAsserts":1,"retryReasons":[],"status":"passed","title":"should throw error when GITHUB_LOCAL_WORKSPACE is not set"},{"ancestorTitles":["cloneRepo","New repository cloning"],"duration":3,"failureDetails":[],"failureMessages":[],"fullName":"cloneRepo New repository cloning should clone new repository successfully","invocations":1,"location":null,"numPassingAsserts":3,"retryReasons":[],"status":"passed","title":"should clone new repository successfully"},{"ancestorTitles":["cloneRepo","New repository cloning"],"duration":1,"failureDetails":[],"failureMessages":[],"fullName":"cloneRepo New repository cloning should handle clone failure","invocations":1,"location":null,"numPassingAsserts":2,"retryReasons":[],"status":"passed","title":"should handle clone failure"},{"ancestorTitles":["cloneRepo","Existing repository handling"],"duration":2,"failureDetails":[],"failureMessages":[],"fullName":"cloneRepo Existing repository handling should fetch and pull when repository matches","invocations":1,"location":null,"numPassingAsserts":4,"retryReasons":[],"status":"passed","title":"should fetch and pull when repository matches"},{"ancestorTitles":["cloneRepo","Existing repository handling"],"duration":1,"failureDetails":[],"failureMessages":[],"fullName":"cloneRepo Existing repository handling should handle pull failure with reset and retry","invocations":1,"location":null,"numPassingAsserts":7,"retryReasons":[],"status":"passed","title":"should handle pull failure with reset and retry"},{"ancestorTitles":["cloneRepo","Existing repository handling"],"duration":1,"failureDetails":[],"failureMessages":[],"fullName":"cloneRepo Existing repository handling should handle repository URL mismatches gracefully","invocations":1,"location":null,"numPassingAsserts":3,"retryReasons":[],"status":"passed","title":"should handle repository URL mismatches gracefully"},{"ancestorTitles":["cloneRepo","Edge cases"],"duration":1,"failureDetails":[],"failureMessages":[],"fullName":"cloneRepo Edge cases should handle existing non-git directory","invocations":1,"location":null,"numPassingAsserts":5,"retryReasons":[],"status":"passed","title":"should handle existing non-git directory"},{"ancestorTitles":["cloneRepo","Edge cases"],"duration":1,"failureDetails":[],"failureMessages":[],"fullName":"cloneRepo Edge cases should handle config file read failure","invocations":1,"location":null,"numPassingAsserts":2,"retryReasons":[],"status":"passed","title":"should handle config file read failure"},{"ancestorTitles":["cloneRepo","Git fetch behavior validation"],"duration":1,"failureDetails":[],"failureMessages":[],"fullName":"cloneRepo Git fetch behavior validation should use fetch --all command for existing repositories","invocations":1,"location":null,"numPassingAsserts":2,"retryReasons":[],"status":"passed","title":"should use fetch --all command for existing repositories"},{"ancestorTitles":["cloneRepo","Git fetch behavior validation"],"duration":1,"failureDetails":[],"failureMessages":[],"fullName":"cloneRepo Git fetch behavior validation should fetch before pull in error recovery","invocations":1,"location":null,"numPassingAsserts":3,"retryReasons":[],"status":"passed","title":"should fetch before pull in error recovery"}],"endTime":1758419609093,"message":"","name":"C:\\Users\\a\\Documents\\Development\\veho\\health-checker\\backend\\tests\\unit\\domain\\alert\\util\\cloneRepo.test.ts","startTime":1758419608331,"status":"passed","summary":""},{"assertionResults":[{"ancestorTitles":["Alert Model","findAll"],"duration":10,"failureDetails":[],"failureMessages":[],"fullName":"Alert Model findAll should return all alerts","invocations":1,"location":null,"numPassingAsserts":2,"retryReasons":[],"status":"passed","title":"should return all alerts"},{"ancestorTitles":["Alert Model","findAll"],"duration":1,"failureDetails":[],"failureMessages":[],"fullName":"Alert Model findAll should return empty array when no alerts exist","invocations":1,"location":null,"numPassingAsserts":2,"retryReasons":[],"status":"passed","title":"should return empty array when no alerts exist"},{"ancestorTitles":["Alert Model","findAll"],"duration":14,"failureDetails":[],"failureMessages":[],"fullName":"Alert Model findAll should handle database errors","invocations":1,"location":null,"numPassingAsserts":1,"retryReasons":[],"status":"passed","title":"should handle database errors"},{"ancestorTitles":["Alert Model","findOne"],"duration":1,"failureDetails":[],"failureMessages":[],"fullName":"Alert Model findOne should return a single alert by ID","invocations":1,"location":null,"numPassingAsserts":2,"retryReasons":[],"status":"passed","title":"should return a single alert by ID"},{"ancestorTitles":["Alert Model","findOne"],"duration":1,"failureDetails":[],"failureMessages":[],"fullName":"Alert Model findOne should return null when alert not found","invocations":1,"location":null,"numPassingAsserts":2,"retryReasons":[],"status":"passed","title":"should return null when alert not found"},{"ancestorTitles":["Alert Model","findOne"],"duration":1,"failureDetails":[],"failureMessages":[],"fullName":"Alert Model findOne should handle database errors","invocations":1,"location":null,"numPassingAsserts":1,"retryReasons":[],"status":"passed","title":"should handle database errors"},{"ancestorTitles":["Alert Model","create"],"duration":0,"failureDetails":[],"failureMessages":[],"fullName":"Alert Model create should create a new alert","invocations":1,"location":null,"numPassingAsserts":2,"retryReasons":[],"status":"passed","title":"should create a new alert"},{"ancestorTitles":["Alert Model","create"],"duration":1,"failureDetails":[],"failureMessages":[],"fullName":"Alert Model create should handle validation errors","invocations":1,"location":null,"numPassingAsserts":1,"retryReasons":[],"status":"passed","title":"should handle validation errors"},{"ancestorTitles":["Alert Model","create"],"duration":1,"failureDetails":[],"failureMessages":[],"fullName":"Alert Model create should handle database constraint errors","invocations":1,"location":null,"numPassingAsserts":1,"retryReasons":[],"status":"passed","title":"should handle database constraint errors"},{"ancestorTitles":["Alert Model","update"],"duration":1,"failureDetails":[],"failureMessages":[],"fullName":"Alert Model update should update an existing alert","invocations":1,"location":null,"numPassingAsserts":2,"retryReasons":[],"status":"passed","title":"should update an existing alert"},{"ancestorTitles":["Alert Model","update"],"duration":0,"failureDetails":[],"failureMessages":[],"fullName":"Alert Model update should return [0] when no records updated","invocations":1,"location":null,"numPassingAsserts":2,"retryReasons":[],"status":"passed","title":"should return [0] when no records updated"},{"ancestorTitles":["Alert Model","update"],"duration":0,"failureDetails":[],"failureMessages":[],"fullName":"Alert Model update should handle update errors","invocations":1,"location":null,"numPassingAsserts":1,"retryReasons":[],"status":"passed","title":"should handle update errors"},{"ancestorTitles":["Alert Model","destroy"],"duration":1,"failureDetails":[],"failureMessages":[],"fullName":"Alert Model destroy should delete an alert","invocations":1,"location":null,"numPassingAsserts":2,"retryReasons":[],"status":"passed","title":"should delete an alert"},{"ancestorTitles":["Alert Model","destroy"],"duration":0,"failureDetails":[],"failureMessages":[],"fullName":"Alert Model destroy should return 0 when no records deleted","invocations":1,"location":null,"numPassingAsserts":2,"retryReasons":[],"status":"passed","title":"should return 0 when no records deleted"},{"ancestorTitles":["Alert Model","destroy"],"duration":1,"failureDetails":[],"failureMessages":[],"fullName":"Alert Model destroy should handle delete errors","invocations":1,"location":null,"numPassingAsserts":1,"retryReasons":[],"status":"passed","title":"should handle delete errors"},{"ancestorTitles":["Alert Model","count"],"duration":1,"failureDetails":[],"failureMessages":[],"fullName":"Alert Model count should return count of alerts","invocations":1,"location":null,"numPassingAsserts":2,"retryReasons":[],"status":"passed","title":"should return count of alerts"},{"ancestorTitles":["Alert Model","count"],"duration":0,"failureDetails":[],"failureMessages":[],"fullName":"Alert Model count should return count with conditions","invocations":1,"location":null,"numPassingAsserts":2,"retryReasons":[],"status":"passed","title":"should return count with conditions"},{"ancestorTitles":["Alert Model","count"],"duration":1,"failureDetails":[],"failureMessages":[],"fullName":"Alert Model count should handle count errors","invocations":1,"location":null,"numPassingAsserts":1,"retryReasons":[],"status":"passed","title":"should handle count errors"},{"ancestorTitles":["Alert Model","bulkCreate"],"duration":0,"failureDetails":[],"failureMessages":[],"fullName":"Alert Model bulkCreate should create multiple alerts","invocations":1,"location":null,"numPassingAsserts":2,"retryReasons":[],"status":"passed","title":"should create multiple alerts"},{"ancestorTitles":["Alert Model","bulkCreate"],"duration":4,"failureDetails":[],"failureMessages":[],"fullName":"Alert Model bulkCreate should handle bulk create errors","invocations":1,"location":null,"numPassingAsserts":1,"retryReasons":[],"status":"passed","title":"should handle bulk create errors"},{"ancestorTitles":["Alert Model","findOrCreate"],"duration":0,"failureDetails":[],"failureMessages":[],"fullName":"Alert Model findOrCreate should find existing alert","invocations":1,"location":null,"numPassingAsserts":2,"retryReasons":[],"status":"passed","title":"should find existing alert"},{"ancestorTitles":["Alert Model","findOrCreate"],"duration":1,"failureDetails":[],"failureMessages":[],"fullName":"Alert Model findOrCreate should create new alert when not found","invocations":1,"location":null,"numPassingAsserts":2,"retryReasons":[],"status":"passed","title":"should create new alert when not found"},{"ancestorTitles":["Alert Model","findOrCreate"],"duration":1,"failureDetails":[],"failureMessages":[],"fullName":"Alert Model findOrCreate should handle findOrCreate errors","invocations":1,"location":null,"numPassingAsserts":1,"retryReasons":[],"status":"passed","title":"should handle findOrCreate errors"}],"endTime":1758419609098,"message":"","name":"C:\\Users\\a\\Documents\\Development\\veho\\health-checker\\backend\\tests\\unit\\domain\\alert\\alertModel.test.ts","startTime":1758419608331,"status":"passed","summary":""},{"assertionResults":[{"ancestorTitles":["ProjectService","hasSpField"],"duration":9,"failureDetails":[],"failureMessages":[],"fullName":"ProjectService hasSpField should return true when SP field exists","invocations":1,"location":null,"numPassingAsserts":1,"retryReasons":[],"status":"passed","title":"should return true when SP field exists"},{"ancestorTitles":["ProjectService","hasSpField"],"duration":1,"failureDetails":[],"failureMessages":[],"fullName":"ProjectService hasSpField should return false when SP field does not exist","invocations":1,"location":null,"numPassingAsserts":1,"retryReasons":[],"status":"passed","title":"should return false when SP field does not exist"},{"ancestorTitles":["ProjectService","hasSpField"],"duration":0,"failureDetails":[],"failureMessages":[],"fullName":"ProjectService hasSpField should return false when fields is null","invocations":1,"location":null,"numPassingAsserts":1,"retryReasons":[],"status":"passed","title":"should return false when fields is null"},{"ancestorTitles":["ProjectService","hasSpField"],"duration":1,"failureDetails":[],"failureMessages":[],"fullName":"ProjectService hasSpField should return false when fields.nodes is not an array","invocations":1,"location":null,"numPassingAsserts":1,"retryReasons":[],"status":"passed","title":"should return false when fields.nodes is not an array"},{"ancestorTitles":["ProjectService","hasSpField"],"duration":14,"failureDetails":[],"failureMessages":[],"fullName":"ProjectService hasSpField should return false when project is null","invocations":1,"location":null,"numPassingAsserts":1,"retryReasons":[],"status":"passed","title":"should return false when project is null"},{"ancestorTitles":["ProjectService","hasSpField"],"duration":0,"failureDetails":[],"failureMessages":[],"fullName":"ProjectService hasSpField should return false when fields is undefined","invocations":1,"location":null,"numPassingAsserts":1,"retryReasons":[],"status":"passed","title":"should return false when fields is undefined"},{"ancestorTitles":["ProjectService","hasSpField"],"duration":0,"failureDetails":[],"failureMessages":[],"fullName":"ProjectService hasSpField should return false when fields.nodes is undefined","invocations":1,"location":null,"numPassingAsserts":1,"retryReasons":[],"status":"passed","title":"should return false when fields.nodes is undefined"},{"ancestorTitles":["ProjectService","hasSpField"],"duration":1,"failureDetails":[],"failureMessages":[],"fullName":"ProjectService hasSpField should return false when SP field exists but with different dataType","invocations":1,"location":null,"numPassingAsserts":1,"retryReasons":[],"status":"passed","title":"should return false when SP field exists but with different dataType"},{"ancestorTitles":["ProjectService","hasSpField"],"duration":0,"failureDetails":[],"failureMessages":[],"fullName":"ProjectService hasSpField should return true when SP field exists with different case","invocations":1,"location":null,"numPassingAsserts":1,"retryReasons":[],"status":"passed","title":"should return true when SP field exists with different case"}],"endTime":1758419609118,"message":"","name":"C:\\Users\\a\\Documents\\Development\\veho\\health-checker\\backend\\tests\\unit\\domain\\project\\projectService.test.ts","startTime":1758419608360,"status":"passed","summary":""},{"assertionResults":[{"ancestorTitles":["Repo Model","findAndCountAll"],"duration":13,"failureDetails":[],"failureMessages":[],"fullName":"Repo Model findAndCountAll should find and count all repositories","invocations":1,"location":null,"numPassingAsserts":2,"retryReasons":[],"status":"passed","title":"should find and count all repositories"},{"ancestorTitles":["Repo Model","findAndCountAll"],"duration":1,"failureDetails":[],"failureMessages":[],"fullName":"Repo Model findAndCountAll should handle pagination with findAndCountAll","invocations":1,"location":null,"numPassingAsserts":3,"retryReasons":[],"status":"passed","title":"should handle pagination with findAndCountAll"},{"ancestorTitles":["Repo Model","findAndCountAll"],"duration":16,"failureDetails":[],"failureMessages":[],"fullName":"Repo Model findAndCountAll should handle errors in findAndCountAll","invocations":1,"location":null,"numPassingAsserts":2,"retryReasons":[],"status":"passed","title":"should handle errors in findAndCountAll"},{"ancestorTitles":["Repo Model","findByPk"],"duration":0,"failureDetails":[],"failureMessages":[],"fullName":"Repo Model findByPk should find repository by primary key","invocations":1,"location":null,"numPassingAsserts":2,"retryReasons":[],"status":"passed","title":"should find repository by primary key"},{"ancestorTitles":["Repo Model","findByPk"],"duration":1,"failureDetails":[],"failureMessages":[],"fullName":"Repo Model findByPk should return null when repository not found","invocations":1,"location":null,"numPassingAsserts":2,"retryReasons":[],"status":"passed","title":"should return null when repository not found"},{"ancestorTitles":["Repo Model","findByPk"],"duration":1,"failureDetails":[],"failureMessages":[],"fullName":"Repo Model findByPk should handle errors in findByPk","invocations":1,"location":null,"numPassingAsserts":2,"retryReasons":[],"status":"passed","title":"should handle errors in findByPk"},{"ancestorTitles":["Repo Model","create"],"duration":0,"failureDetails":[],"failureMessages":[],"fullName":"Repo Model create should create a new repository","invocations":1,"location":null,"numPassingAsserts":2,"retryReasons":[],"status":"passed","title":"should create a new repository"},{"ancestorTitles":["Repo Model","create"],"duration":1,"failureDetails":[],"failureMessages":[],"fullName":"Repo Model create should handle creation errors","invocations":1,"location":null,"numPassingAsserts":2,"retryReasons":[],"status":"passed","title":"should handle creation errors"},{"ancestorTitles":["Repo Model","update"],"duration":1,"failureDetails":[],"failureMessages":[],"fullName":"Repo Model update should update repository","invocations":1,"location":null,"numPassingAsserts":2,"retryReasons":[],"status":"passed","title":"should update repository"},{"ancestorTitles":["Repo Model","update"],"duration":0,"failureDetails":[],"failureMessages":[],"fullName":"Repo Model update should handle update errors","invocations":1,"location":null,"numPassingAsserts":2,"retryReasons":[],"status":"passed","title":"should handle update errors"},{"ancestorTitles":["Repo Model","update"],"duration":1,"failureDetails":[],"failureMessages":[],"fullName":"Repo Model update should return zero affected rows when no match found","invocations":1,"location":null,"numPassingAsserts":2,"retryReasons":[],"status":"passed","title":"should return zero affected rows when no match found"},{"ancestorTitles":["Repo Model","destroy"],"duration":0,"failureDetails":[],"failureMessages":[],"fullName":"Repo Model destroy should delete repository","invocations":1,"location":null,"numPassingAsserts":2,"retryReasons":[],"status":"passed","title":"should delete repository"},{"ancestorTitles":["Repo Model","destroy"],"duration":1,"failureDetails":[],"failureMessages":[],"fullName":"Repo Model destroy should handle delete errors","invocations":1,"location":null,"numPassingAsserts":2,"retryReasons":[],"status":"passed","title":"should handle delete errors"},{"ancestorTitles":["Repo Model","destroy"],"duration":0,"failureDetails":[],"failureMessages":[],"fullName":"Repo Model destroy should return zero when no rows deleted","invocations":1,"location":null,"numPassingAsserts":2,"retryReasons":[],"status":"passed","title":"should return zero when no rows deleted"},{"ancestorTitles":["Repo Model","findAll"],"duration":0,"failureDetails":[],"failureMessages":[],"fullName":"Repo Model findAll should find all repositories with where clause","invocations":1,"location":null,"numPassingAsserts":2,"retryReasons":[],"status":"passed","title":"should find all repositories with where clause"},{"ancestorTitles":["Repo Model","findAll"],"duration":1,"failureDetails":[],"failureMessages":[],"fullName":"Repo Model findAll should find all repositories with order clause","invocations":1,"location":null,"numPassingAsserts":2,"retryReasons":[],"status":"passed","title":"should find all repositories with order clause"},{"ancestorTitles":["Repo Model","findAll"],"duration":3,"failureDetails":[],"failureMessages":[],"fullName":"Repo Model findAll should handle errors in findAll","invocations":1,"location":null,"numPassingAsserts":2,"retryReasons":[],"status":"passed","title":"should handle errors in findAll"},{"ancestorTitles":["Repo Model","findOne"],"duration":0,"failureDetails":[],"failureMessages":[],"fullName":"Repo Model findOne should find one repository","invocations":1,"location":null,"numPassingAsserts":2,"retryReasons":[],"status":"passed","title":"should find one repository"},{"ancestorTitles":["Repo Model","findOne"],"duration":0,"failureDetails":[],"failureMessages":[],"fullName":"Repo Model findOne should return null when repository not found","invocations":1,"location":null,"numPassingAsserts":2,"retryReasons":[],"status":"passed","title":"should return null when repository not found"},{"ancestorTitles":["Repo Model","findOne"],"duration":0,"failureDetails":[],"failureMessages":[],"fullName":"Repo Model findOne should handle errors in findOne","invocations":1,"location":null,"numPassingAsserts":2,"retryReasons":[],"status":"passed","title":"should handle errors in findOne"},{"ancestorTitles":["Repo Model","count"],"duration":1,"failureDetails":[],"failureMessages":[],"fullName":"Repo Model count should count repositories","invocations":1,"location":null,"numPassingAsserts":2,"retryReasons":[],"status":"passed","title":"should count repositories"},{"ancestorTitles":["Repo Model","count"],"duration":0,"failureDetails":[],"failureMessages":[],"fullName":"Repo Model count should count repositories with where clause","invocations":1,"location":null,"numPassingAsserts":2,"retryReasons":[],"status":"passed","title":"should count repositories with where clause"},{"ancestorTitles":["Repo Model","count"],"duration":0,"failureDetails":[],"failureMessages":[],"fullName":"Repo Model count should handle errors in count","invocations":1,"location":null,"numPassingAsserts":2,"retryReasons":[],"status":"passed","title":"should handle errors in count"},{"ancestorTitles":["Repo Model","bulkCreate"],"duration":1,"failureDetails":[],"failureMessages":[],"fullName":"Repo Model bulkCreate should bulk create repositories","invocations":1,"location":null,"numPassingAsserts":2,"retryReasons":[],"status":"passed","title":"should bulk create repositories"},{"ancestorTitles":["Repo Model","bulkCreate"],"duration":1,"failureDetails":[],"failureMessages":[],"fullName":"Repo Model bulkCreate should handle bulk create errors","invocations":1,"location":null,"numPassingAsserts":2,"retryReasons":[],"status":"passed","title":"should handle bulk create errors"},{"ancestorTitles":["Repo Model","findOrCreate"],"duration":0,"failureDetails":[],"failureMessages":[],"fullName":"Repo Model findOrCreate should find or create repository","invocations":1,"location":null,"numPassingAsserts":2,"retryReasons":[],"status":"passed","title":"should find or create repository"},{"ancestorTitles":["Repo Model","findOrCreate"],"duration":1,"failureDetails":[],"failureMessages":[],"fullName":"Repo Model findOrCreate should handle find or create errors","invocations":1,"location":null,"numPassingAsserts":2,"retryReasons":[],"status":"passed","title":"should handle find or create errors"}],"endTime":1758419609134,"message":"","name":"C:\\Users\\a\\Documents\\Development\\veho\\health-checker\\backend\\tests\\unit\\domain\\repo\\repoModel.test.ts","startTime":1758419608348,"status":"passed","summary":""},{"assertionResults":[{"ancestorTitles":["repoSchema","repoAttributes"],"duration":10,"failureDetails":[],"failureMessages":[],"fullName":"repoSchema repoAttributes should define all required fields","invocations":1,"location":null,"numPassingAsserts":14,"retryReasons":[],"status":"passed","title":"should define all required fields"},{"ancestorTitles":["repoSchema","repoAttributes"],"duration":0,"failureDetails":[],"failureMessages":[],"fullName":"repoSchema repoAttributes should have correct field types","invocations":1,"location":null,"numPassingAsserts":13,"retryReasons":[],"status":"passed","title":"should have correct field types"},{"ancestorTitles":["repoSchema","repoAttributes"],"duration":2,"failureDetails":[],"failureMessages":[],"fullName":"repoSchema repoAttributes should have correct field constraints","invocations":1,"location":null,"numPassingAsserts":17,"retryReasons":[],"status":"passed","title":"should have correct field constraints"},{"ancestorTitles":["repoSchema","repoAttributes"],"duration":0,"failureDetails":[],"failureMessages":[],"fullName":"repoSchema repoAttributes should have correct field mappings","invocations":1,"location":null,"numPassingAsserts":8,"retryReasons":[],"status":"passed","title":"should have correct field mappings"},{"ancestorTitles":["repoSchema","repoAttributes"],"duration":1,"failureDetails":[],"failureMessages":[],"fullName":"repoSchema repoAttributes should have validation rules","invocations":1,"location":null,"numPassingAsserts":6,"retryReasons":[],"status":"passed","title":"should have validation rules"},{"ancestorTitles":["repoSchema","repoModelOptions"],"duration":1,"failureDetails":[],"failureMessages":[],"fullName":"repoSchema repoModelOptions should define model options","invocations":1,"location":null,"numPassingAsserts":4,"retryReasons":[],"status":"passed","title":"should define model options"},{"ancestorTitles":["repoSchema","repoModelOptions"],"duration":1,"failureDetails":[],"failureMessages":[],"fullName":"repoSchema repoModelOptions should have correct indexes","invocations":1,"location":null,"numPassingAsserts":6,"retryReasons":[],"status":"passed","title":"should have correct indexes"}],"endTime":1758419609154,"message":"","name":"C:\\Users\\a\\Documents\\Development\\veho\\health-checker\\backend\\tests\\unit\\domain\\repo\\repoSchema.test.ts","startTime":1758419608371,"status":"passed","summary":""},{"assertionResults":[{"ancestorTitles":["authenticate middleware","when token is present"],"duration":9,"failureDetails":[],"failureMessages":[],"fullName":"authenticate middleware when token is present should call next() when JWT token exists","invocations":1,"location":null,"numPassingAsserts":3,"retryReasons":[],"status":"passed","title":"should call next() when JWT token exists"},{"ancestorTitles":["authenticate middleware","when token is missing"],"duration":1,"failureDetails":[],"failureMessages":[],"fullName":"authenticate middleware when token is missing should return 401 when no JWT token is provided","invocations":1,"location":null,"numPassingAsserts":3,"retryReasons":[],"status":"passed","title":"should return 401 when no JWT token is provided"},{"ancestorTitles":["authenticate middleware","when token is missing"],"duration":1,"failureDetails":[],"failureMessages":[],"fullName":"authenticate middleware when token is missing should return 401 when cookies are undefined","invocations":1,"location":null,"numPassingAsserts":3,"retryReasons":[],"status":"passed","title":"should return 401 when cookies are undefined"},{"ancestorTitles":["authenticate middleware","when token is missing"],"duration":1,"failureDetails":[],"failureMessages":[],"fullName":"authenticate middleware when token is missing should return 401 when jwt cookie is empty string","invocations":1,"location":null,"numPassingAsserts":3,"retryReasons":[],"status":"passed","title":"should return 401 when jwt cookie is empty string"},{"ancestorTitles":["authenticate middleware","when token is missing"],"duration":1,"failureDetails":[],"failureMessages":[],"fullName":"authenticate middleware when token is missing should return 401 when jwt cookie is null","invocations":1,"location":null,"numPassingAsserts":3,"retryReasons":[],"status":"passed","title":"should return 401 when jwt cookie is null"},{"ancestorTitles":["authenticate middleware","message handling"],"duration":0,"failureDetails":[],"failureMessages":[],"fullName":"authenticate middleware message handling should call getMessage with correct key","invocations":1,"location":null,"numPassingAsserts":1,"retryReasons":[],"status":"passed","title":"should call getMessage with correct key"}],"endTime":1758419609162,"message":"","name":"C:\\Users\\a\\Documents\\Development\\veho\\health-checker\\backend\\tests\\unit\\middlewares\\authenticate.test.ts","startTime":1758419608387,"status":"passed","summary":""},{"assertionResults":[{"ancestorTitles":["getMessage Function"],"duration":9,"failureDetails":[],"failureMessages":[],"fullName":"getMessage Function should return correct success message with one argument","invocations":1,"location":null,"numPassingAsserts":1,"retryReasons":[],"status":"passed","title":"should return correct success message with one argument"},{"ancestorTitles":["getMessage Function"],"duration":0,"failureDetails":[],"failureMessages":[],"fullName":"getMessage Function should return correct error message with one argument","invocations":1,"location":null,"numPassingAsserts":1,"retryReasons":[],"status":"passed","title":"should return correct error message with one argument"},{"ancestorTitles":["getMessage Function"],"duration":0,"failureDetails":[],"failureMessages":[],"fullName":"getMessage Function should return correct error message with multiple arguments","invocations":1,"location":null,"numPassingAsserts":1,"retryReasons":[],"status":"passed","title":"should return correct error message with multiple arguments"},{"ancestorTitles":["getMessage Function"],"duration":1,"failureDetails":[],"failureMessages":[],"fullName":"getMessage Function should return correct authentication success message without arguments","invocations":1,"location":null,"numPassingAsserts":1,"retryReasons":[],"status":"passed","title":"should return correct authentication success message without arguments"},{"ancestorTitles":["getMessage Function"],"duration":0,"failureDetails":[],"failureMessages":[],"fullName":"getMessage Function should return correct info welcome message with one argument","invocations":1,"location":null,"numPassingAsserts":1,"retryReasons":[],"status":"passed","title":"should return correct info welcome message with one argument"},{"ancestorTitles":["getMessage Function"],"duration":0,"failureDetails":[],"failureMessages":[],"fullName":"getMessage Function should return correct validation missing fields message with one argument","invocations":1,"location":null,"numPassingAsserts":1,"retryReasons":[],"status":"passed","title":"should return correct validation missing fields message with one argument"},{"ancestorTitles":["getMessage Function"],"duration":1,"failureDetails":[],"failureMessages":[],"fullName":"getMessage Function should return the message as-is when there are no placeholders","invocations":1,"location":null,"numPassingAsserts":1,"retryReasons":[],"status":"passed","title":"should return the message as-is when there are no placeholders"},{"ancestorTitles":["getMessage Function"],"duration":11,"failureDetails":[],"failureMessages":[],"fullName":"getMessage Function should throw an error for invalid message path","invocations":1,"location":null,"numPassingAsserts":1,"retryReasons":[],"status":"passed","title":"should throw an error for invalid message path"},{"ancestorTitles":["getMessage Function"],"duration":1,"failureDetails":[],"failureMessages":[],"fullName":"getMessage Function should leave placeholders intact if arguments are missing","invocations":1,"location":null,"numPassingAsserts":1,"retryReasons":[],"status":"passed","title":"should leave placeholders intact if arguments are missing"},{"ancestorTitles":["getMessage Function"],"duration":1,"failureDetails":[],"failureMessages":[],"fullName":"getMessage Function should handle multiple message retrievals correctly","invocations":1,"location":null,"numPassingAsserts":3,"retryReasons":[],"status":"passed","title":"should handle multiple message retrievals correctly"},{"ancestorTitles":["getMessage Function"],"duration":1,"failureDetails":[],"failureMessages":[],"fullName":"getMessage Function should handle arguments with quotes correctly","invocations":1,"location":null,"numPassingAsserts":1,"retryReasons":[],"status":"passed","title":"should handle arguments with quotes correctly"},{"ancestorTitles":["getMessage Function"],"duration":0,"failureDetails":[],"failureMessages":[],"fullName":"getMessage Function should handle email taken message correctly","invocations":1,"location":null,"numPassingAsserts":1,"retryReasons":[],"status":"passed","title":"should handle email taken message correctly"},{"ancestorTitles":["getMessage Function"],"duration":0,"failureDetails":[],"failureMessages":[],"fullName":"getMessage Function should replace all placeholders when all arguments are provided","invocations":1,"location":null,"numPassingAsserts":1,"retryReasons":[],"status":"passed","title":"should replace all placeholders when all arguments are provided"}],"endTime":1758419609163,"message":"","name":"C:\\Users\\a\\Documents\\Development\\veho\\health-checker\\backend\\tests\\unit\\utils\\message.test.ts","startTime":1758419608380,"status":"passed","summary":""},{"assertionResults":[{"ancestorTitles":["AlertService.upsertAlert - Issue #138 Fix"],"duration":8,"failureDetails":[],"failureMessages":[],"fullName":"AlertService.upsertAlert - Issue #138 Fix should normalize empty values to null consistently","invocations":1,"location":null,"numPassingAsserts":2,"retryReasons":[],"status":"passed","title":"should normalize empty values to null consistently"},{"ancestorTitles":["AlertService.upsertAlert - Issue #138 Fix"],"duration":1,"failureDetails":[],"failureMessages":[],"fullName":"AlertService.upsertAlert - Issue #138 Fix should document the fix for Issue #138","invocations":1,"location":null,"numPassingAsserts":2,"retryReasons":[],"status":"passed","title":"should document the fix for Issue #138"},{"ancestorTitles":["AlertService.upsertAlert - Issue #138 Fix"],"duration":0,"failureDetails":[],"failureMessages":[],"fullName":"AlertService.upsertAlert - Issue #138 Fix should ensure consistent field normalization across all check processes","invocations":1,"location":null,"numPassingAsserts":6,"retryReasons":[],"status":"passed","title":"should ensure consistent field normalization across all check processes"}],"endTime":1758419609171,"message":"","name":"C:\\Users\\a\\Documents\\Development\\veho\\health-checker\\backend\\tests\\unit\\domain\\alert\\alertService-upsert.test.ts","startTime":1758419608387,"status":"passed","summary":""},{"assertionResults":[{"ancestorTitles":["RepoController","getAllRepos"],"duration":10,"failureDetails":[],"failureMessages":[],"fullName":"RepoController getAllRepos should return all repositories with default pagination","invocations":1,"location":null,"numPassingAsserts":3,"retryReasons":[],"status":"passed","title":"should return all repositories with default pagination"},{"ancestorTitles":["RepoController","getAllRepos"],"duration":1,"failureDetails":[],"failureMessages":[],"fullName":"RepoController getAllRepos should return repositories with custom pagination","invocations":1,"location":null,"numPassingAsserts":2,"retryReasons":[],"status":"passed","title":"should return repositories with custom pagination"},{"ancestorTitles":["RepoController","getAllRepos"],"duration":2,"failureDetails":[],"failureMessages":[],"fullName":"RepoController getAllRepos should handle service errors","invocations":1,"location":null,"numPassingAsserts":3,"retryReasons":[],"status":"passed","title":"should handle service errors"},{"ancestorTitles":["RepoController","getRepoById"],"duration":1,"failureDetails":[],"failureMessages":[],"fullName":"RepoController getRepoById should return repository when found","invocations":1,"location":null,"numPassingAsserts":3,"retryReasons":[],"status":"passed","title":"should return repository when found"},{"ancestorTitles":["RepoController","getRepoById"],"duration":1,"failureDetails":[],"failureMessages":[],"fullName":"RepoController getRepoById should return 404 when repository not found","invocations":1,"location":null,"numPassingAsserts":4,"retryReasons":[],"status":"passed","title":"should return 404 when repository not found"},{"ancestorTitles":["RepoController","getRepoById"],"duration":0,"failureDetails":[],"failureMessages":[],"fullName":"RepoController getRepoById should handle service errors","invocations":1,"location":null,"numPassingAsserts":3,"retryReasons":[],"status":"passed","title":"should handle service errors"},{"ancestorTitles":["RepoController","createRepo"],"duration":2,"failureDetails":[],"failureMessages":[],"fullName":"RepoController createRepo should create repository successfully","invocations":1,"location":null,"numPassingAsserts":4,"retryReasons":[],"status":"passed","title":"should create repository successfully"},{"ancestorTitles":["RepoController","createRepo"],"duration":0,"failureDetails":[],"failureMessages":[],"fullName":"RepoController createRepo should handle name taken error","invocations":1,"location":null,"numPassingAsserts":3,"retryReasons":[],"status":"passed","title":"should handle name taken error"},{"ancestorTitles":["RepoController","createRepo"],"duration":1,"failureDetails":[],"failureMessages":[],"fullName":"RepoController createRepo should handle other errors","invocations":1,"location":null,"numPassingAsserts":4,"retryReasons":[],"status":"passed","title":"should handle other errors"},{"ancestorTitles":["RepoController","updateRepo"],"duration":2,"failureDetails":[],"failureMessages":[],"fullName":"RepoController updateRepo should update repository successfully","invocations":1,"location":null,"numPassingAsserts":5,"retryReasons":[],"status":"passed","title":"should update repository successfully"},{"ancestorTitles":["RepoController","updateRepo"],"duration":0,"failureDetails":[],"failureMessages":[],"fullName":"RepoController updateRepo should return 404 when repository not found for update","invocations":1,"location":null,"numPassingAsserts":5,"retryReasons":[],"status":"passed","title":"should return 404 when repository not found for update"},{"ancestorTitles":["RepoController","updateRepo"],"duration":1,"failureDetails":[],"failureMessages":[],"fullName":"RepoController updateRepo should handle name taken error during update","invocations":1,"location":null,"numPassingAsserts":3,"retryReasons":[],"status":"passed","title":"should handle name taken error during update"},{"ancestorTitles":["RepoController","updateRepo"],"duration":1,"failureDetails":[],"failureMessages":[],"fullName":"RepoController updateRepo should handle other errors during update","invocations":1,"location":null,"numPassingAsserts":4,"retryReasons":[],"status":"passed","title":"should handle other errors during update"},{"ancestorTitles":["RepoController","deleteRepo"],"duration":1,"failureDetails":[],"failureMessages":[],"fullName":"RepoController deleteRepo should delete repository successfully","invocations":1,"location":null,"numPassingAsserts":4,"retryReasons":[],"status":"passed","title":"should delete repository successfully"},{"ancestorTitles":["RepoController","deleteRepo"],"duration":0,"failureDetails":[],"failureMessages":[],"fullName":"RepoController deleteRepo should return 404 when repository not found for deletion","invocations":1,"location":null,"numPassingAsserts":4,"retryReasons":[],"status":"passed","title":"should return 404 when repository not found for deletion"},{"ancestorTitles":["RepoController","deleteRepo"],"duration":1,"failureDetails":[],"failureMessages":[],"fullName":"RepoController deleteRepo should handle service errors during deletion","invocations":1,"location":null,"numPassingAsserts":4,"retryReasons":[],"status":"passed","title":"should handle service errors during deletion"},{"ancestorTitles":["RepoController","syncRepos"],"duration":1,"failureDetails":[],"failureMessages":[],"fullName":"RepoController syncRepos should sync repositories from GitHub","invocations":1,"location":null,"numPassingAsserts":4,"retryReasons":[],"status":"passed","title":"should sync repositories from GitHub"},{"ancestorTitles":["RepoController","syncRepos"],"duration":0,"failureDetails":[],"failureMessages":[],"fullName":"RepoController syncRepos should handle service errors","invocations":1,"location":null,"numPassingAsserts":4,"retryReasons":[],"status":"passed","title":"should handle service errors"}],"endTime":1758419609162,"message":"","name":"C:\\Users\\a\\Documents\\Development\\veho\\health-checker\\backend\\tests\\unit\\domain\\repo\\repoController.test.ts","startTime":1758419608375,"status":"passed","summary":""},{"assertionResults":[{"ancestorTitles":["mapUniqueIndexes"],"duration":9,"failureDetails":[],"failureMessages":[],"fullName":"mapUniqueIndexes should return an empty array if no unique constraints are defined","invocations":1,"location":null,"numPassingAsserts":1,"retryReasons":[],"status":"passed","title":"should return an empty array if no unique constraints are defined"},{"ancestorTitles":["mapUniqueIndexes"],"duration":0,"failureDetails":[],"failureMessages":[],"fullName":"mapUniqueIndexes should return unique indexes for attributes with unique constraints","invocations":1,"location":null,"numPassingAsserts":1,"retryReasons":[],"status":"passed","title":"should return unique indexes for attributes with unique constraints"},{"ancestorTitles":["mapUniqueIndexes"],"duration":1,"failureDetails":[],"failureMessages":[],"fullName":"mapUniqueIndexes should generate default index name if unique constraint is boolean","invocations":1,"location":null,"numPassingAsserts":1,"retryReasons":[],"status":"passed","title":"should generate default index name if unique constraint is boolean"},{"ancestorTitles":["mapUniqueIndexes"],"duration":0,"failureDetails":[],"failureMessages":[],"fullName":"mapUniqueIndexes should generate specified index name if unique constraint is an object","invocations":1,"location":null,"numPassingAsserts":1,"retryReasons":[],"status":"passed","title":"should generate specified index name if unique constraint is an object"}],"endTime":1758419609176,"message":"","name":"C:\\Users\\a\\Documents\\Development\\veho\\health-checker\\backend\\tests\\unit\\utils\\databaseUtils.test.ts","startTime":1758419608388,"status":"passed","summary":""},{"assertionResults":[{"ancestorTitles":["projectSetSp command logic","addSpFieldToProject"],"duration":11,"failureDetails":[],"failureMessages":[],"fullName":"projectSetSp command logic addSpFieldToProject should call ProjectService.addSpFieldToProject with correct parameters","invocations":1,"location":null,"numPassingAsserts":2,"retryReasons":[],"status":"passed","title":"should call ProjectService.addSpFieldToProject with correct parameters"},{"ancestorTitles":["projectSetSp command logic","addSpFieldToProject"],"duration":8,"failureDetails":[],"failureMessages":[],"fullName":"projectSetSp command logic addSpFieldToProject should handle service errors","invocations":1,"location":null,"numPassingAsserts":1,"retryReasons":[],"status":"passed","title":"should handle service errors"},{"ancestorTitles":["projectSetSp command logic","addSpFieldToAllProjects"],"duration":1,"failureDetails":[],"failureMessages":[],"fullName":"projectSetSp command logic addSpFieldToAllProjects should call ProjectService.addSpFieldToAllProjects with correct owner","invocations":1,"location":null,"numPassingAsserts":2,"retryReasons":[],"status":"passed","title":"should call ProjectService.addSpFieldToAllProjects with correct owner"},{"ancestorTitles":["projectSetSp command logic","addSpFieldToAllProjects"],"duration":1,"failureDetails":[],"failureMessages":[],"fullName":"projectSetSp command logic addSpFieldToAllProjects should handle empty results","invocations":1,"location":null,"numPassingAsserts":2,"retryReasons":[],"status":"passed","title":"should handle empty results"},{"ancestorTitles":["projectSetSp command logic","addSpFieldToAllProjects"],"duration":1,"failureDetails":[],"failureMessages":[],"fullName":"projectSetSp command logic addSpFieldToAllProjects should handle service errors","invocations":1,"location":null,"numPassingAsserts":1,"retryReasons":[],"status":"passed","title":"should handle service errors"}],"endTime":1758419609180,"message":"","name":"C:\\Users\\a\\Documents\\Development\\veho\\health-checker\\backend\\tests\\unit\\commands\\projectSetSp.test.ts","startTime":1758419608383,"status":"passed","summary":""},{"assertionResults":[{"ancestorTitles":["syncRepos command logic","syncReposFromGithub"],"duration":10,"failureDetails":[],"failureMessages":[],"fullName":"syncRepos command logic syncReposFromGithub should call RepoService.syncReposFromGithub with correct owner","invocations":1,"location":null,"numPassingAsserts":2,"retryReasons":[],"status":"passed","title":"should call RepoService.syncReposFromGithub with correct owner"},{"ancestorTitles":["syncRepos command logic","syncReposFromGithub"],"duration":7,"failureDetails":[],"failureMessages":[],"fullName":"syncRepos command logic syncReposFromGithub should handle service errors","invocations":1,"location":null,"numPassingAsserts":1,"retryReasons":[],"status":"passed","title":"should handle service errors"},{"ancestorTitles":["syncRepos command logic","syncReposFromGithub"],"duration":1,"failureDetails":[],"failureMessages":[],"fullName":"syncRepos command logic syncReposFromGithub should return empty array when no repositories found","invocations":1,"location":null,"numPassingAsserts":2,"retryReasons":[],"status":"passed","title":"should return empty array when no repositories found"}],"endTime":1758419609179,"message":"","name":"C:\\Users\\a\\Documents\\Development\\veho\\health-checker\\backend\\tests\\unit\\commands\\syncRepos.test.ts","startTime":1758419608391,"status":"passed","summary":""},{"assertionResults":[{"ancestorTitles":["Alert Schema","alertAttributes"],"duration":10,"failureDetails":[],"failureMessages":[],"fullName":"Alert Schema alertAttributes should be defined and have required fields","invocations":1,"location":null,"numPassingAsserts":10,"retryReasons":[],"status":"passed","title":"should be defined and have required fields"},{"ancestorTitles":["Alert Schema","alertAttributes"],"duration":0,"failureDetails":[],"failureMessages":[],"fullName":"Alert Schema alertAttributes should have correct primary key configuration","invocations":1,"location":null,"numPassingAsserts":3,"retryReasons":[],"status":"passed","title":"should have correct primary key configuration"},{"ancestorTitles":["Alert Schema","alertAttributes"],"duration":1,"failureDetails":[],"failureMessages":[],"fullName":"Alert Schema alertAttributes should have correct required fields configuration","invocations":1,"location":null,"numPassingAsserts":8,"retryReasons":[],"status":"passed","title":"should have correct required fields configuration"},{"ancestorTitles":["Alert Schema","alertAttributes"],"duration":2,"failureDetails":[],"failureMessages":[],"fullName":"Alert Schema alertAttributes should have correct optional fields configuration","invocations":1,"location":null,"numPassingAsserts":14,"retryReasons":[],"status":"passed","title":"should have correct optional fields configuration"},{"ancestorTitles":["Alert Schema","alertAttributes"],"duration":0,"failureDetails":[],"failureMessages":[],"fullName":"Alert Schema alertAttributes should have correct default values","invocations":1,"location":null,"numPassingAsserts":4,"retryReasons":[],"status":"passed","title":"should have correct default values"},{"ancestorTitles":["Alert Schema","alertAttributes"],"duration":0,"failureDetails":[],"failureMessages":[],"fullName":"Alert Schema alertAttributes should have severity string configuration","invocations":1,"location":null,"numPassingAsserts":2,"retryReasons":[],"status":"passed","title":"should have severity string configuration"},{"ancestorTitles":["Alert Schema","alertModelOptions"],"duration":0,"failureDetails":[],"failureMessages":[],"fullName":"Alert Schema alertModelOptions should be defined and have required configuration","invocations":1,"location":null,"numPassingAsserts":5,"retryReasons":[],"status":"passed","title":"should be defined and have required configuration"},{"ancestorTitles":["Alert Schema","alertModelOptions"],"duration":1,"failureDetails":[],"failureMessages":[],"fullName":"Alert Schema alertModelOptions should have correct indexes configuration","invocations":1,"location":null,"numPassingAsserts":6,"retryReasons":[],"status":"passed","title":"should have correct indexes configuration"},{"ancestorTitles":["Alert Schema","alertModelOptions"],"duration":1,"failureDetails":[],"failureMessages":[],"fullName":"Alert Schema alertModelOptions should have unique index for health issues","invocations":1,"location":null,"numPassingAsserts":8,"retryReasons":[],"status":"passed","title":"should have unique index for health issues"},{"ancestorTitles":["Alert Schema","Schema Validation"],"duration":1,"failureDetails":[],"failureMessages":[],"fullName":"Alert Schema Schema Validation should accept valid alert data structure","invocations":1,"location":null,"numPassingAsserts":8,"retryReasons":[],"status":"passed","title":"should accept valid alert data structure"},{"ancestorTitles":["Alert Schema","Schema Validation"],"duration":0,"failureDetails":[],"failureMessages":[],"fullName":"Alert Schema Schema Validation should handle optional fields correctly","invocations":1,"location":null,"numPassingAsserts":8,"retryReasons":[],"status":"passed","title":"should handle optional fields correctly"},{"ancestorTitles":["Alert Schema","Schema Validation"],"duration":1,"failureDetails":[],"failureMessages":[],"fullName":"Alert Schema Schema Validation should validate severity string field","invocations":1,"location":null,"numPassingAsserts":2,"retryReasons":[],"status":"passed","title":"should validate severity string field"},{"ancestorTitles":["Alert Schema","Schema Validation"],"duration":1,"failureDetails":[],"failureMessages":[],"fullName":"Alert Schema Schema Validation should have proper field constraints","invocations":1,"location":null,"numPassingAsserts":4,"retryReasons":[],"status":"passed","title":"should have proper field constraints"}],"endTime":1758419609182,"message":"","name":"C:\\Users\\a\\Documents\\Development\\veho\\health-checker\\backend\\tests\\unit\\domain\\alert\\alertSchema.test.ts","startTime":1758419608377,"status":"passed","summary":""},{"assertionResults":[{"ancestorTitles":["errorHandler middleware","when handling errors"],"duration":11,"failureDetails":[],"failureMessages":[],"fullName":"errorHandler middleware when handling errors should handle error with custom status code","invocations":1,"location":null,"numPassingAsserts":4,"retryReasons":[],"status":"passed","title":"should handle error with custom status code"},{"ancestorTitles":["errorHandler middleware","when handling errors"],"duration":1,"failureDetails":[],"failureMessages":[],"fullName":"errorHandler middleware when handling errors should handle error without status code","invocations":1,"location":null,"numPassingAsserts":3,"retryReasons":[],"status":"passed","title":"should handle error without status code"},{"ancestorTitles":["errorHandler middleware","when handling errors"],"duration":1,"failureDetails":[],"failureMessages":[],"fullName":"errorHandler middleware when handling errors should handle error without message","invocations":1,"location":null,"numPassingAsserts":3,"retryReasons":[],"status":"passed","title":"should handle error without message"},{"ancestorTitles":["errorHandler middleware","when handling errors"],"duration":1,"failureDetails":[],"failureMessages":[],"fullName":"errorHandler middleware when handling errors should include stack trace in development environment","invocations":1,"location":null,"numPassingAsserts":1,"retryReasons":[],"status":"passed","title":"should include stack trace in development environment"},{"ancestorTitles":["errorHandler middleware","when handling errors"],"duration":0,"failureDetails":[],"failureMessages":[],"fullName":"errorHandler middleware when handling errors should not include stack trace in production environment","invocations":1,"location":null,"numPassingAsserts":1,"retryReasons":[],"status":"passed","title":"should not include stack trace in production environment"},{"ancestorTitles":["errorHandler middleware","when handling errors"],"duration":1,"failureDetails":[],"failureMessages":[],"fullName":"errorHandler middleware when handling errors should handle error with undefined stack","invocations":1,"location":null,"numPassingAsserts":3,"retryReasons":[],"status":"passed","title":"should handle error with undefined stack"},{"ancestorTitles":["errorHandler middleware","when handling errors"],"duration":10,"failureDetails":[],"failureMessages":[],"fullName":"errorHandler middleware when handling errors should handle null error","invocations":1,"location":null,"numPassingAsserts":1,"retryReasons":[],"status":"passed","title":"should handle null error"},{"ancestorTitles":["errorHandler middleware","when handling errors"],"duration":0,"failureDetails":[],"failureMessages":[],"fullName":"errorHandler middleware when handling errors should handle undefined error","invocations":1,"location":null,"numPassingAsserts":1,"retryReasons":[],"status":"passed","title":"should handle undefined error"}],"endTime":1758419609192,"message":"","name":"C:\\Users\\a\\Documents\\Development\\veho\\health-checker\\backend\\tests\\unit\\middlewares\\errorHandler.test.ts","startTime":1758419608387,"status":"passed","summary":""},{"assertionResults":[{"ancestorTitles":["Recheck Schema","recheckExecutionAttributes"],"duration":15,"failureDetails":[],"failureMessages":[],"fullName":"Recheck Schema recheckExecutionAttributes should be defined and have required fields","invocations":1,"location":null,"numPassingAsserts":8,"retryReasons":[],"status":"passed","title":"should be defined and have required fields"},{"ancestorTitles":["Recheck Schema","recheckExecutionAttributes"],"duration":0,"failureDetails":[],"failureMessages":[],"fullName":"Recheck Schema recheckExecutionAttributes should have correct primary key configuration","invocations":1,"location":null,"numPassingAsserts":3,"retryReasons":[],"status":"passed","title":"should have correct primary key configuration"},{"ancestorTitles":["Recheck Schema","recheckExecutionAttributes"],"duration":1,"failureDetails":[],"failureMessages":[],"fullName":"Recheck Schema recheckExecutionAttributes should have correct required fields configuration","invocations":1,"location":null,"numPassingAsserts":6,"retryReasons":[],"status":"passed","title":"should have correct required fields configuration"},{"ancestorTitles":["Recheck Schema","recheckExecutionAttributes"],"duration":0,"failureDetails":[],"failureMessages":[],"fullName":"Recheck Schema recheckExecutionAttributes should have correct optional fields configuration","invocations":1,"location":null,"numPassingAsserts":5,"retryReasons":[],"status":"passed","title":"should have correct optional fields configuration"},{"ancestorTitles":["Recheck Schema","recheckExecutionAttributes"],"duration":1,"failureDetails":[],"failureMessages":[],"fullName":"Recheck Schema recheckExecutionAttributes should have correct default values","invocations":1,"location":null,"numPassingAsserts":2,"retryReasons":[],"status":"passed","title":"should have correct default values"},{"ancestorTitles":["Recheck Schema","recheckExecutionAttributes"],"duration":0,"failureDetails":[],"failureMessages":[],"fullName":"Recheck Schema recheckExecutionAttributes should have correct field mappings","invocations":1,"location":null,"numPassingAsserts":9,"retryReasons":[],"status":"passed","title":"should have correct field mappings"},{"ancestorTitles":["Recheck Schema","recheckExecutionAttributes"],"duration":1,"failureDetails":[],"failureMessages":[],"fullName":"Recheck Schema recheckExecutionAttributes should have correct unique constraints","invocations":1,"location":null,"numPassingAsserts":1,"retryReasons":[],"status":"passed","title":"should have correct unique constraints"},{"ancestorTitles":["Recheck Schema","recheckExecutionAttributes"],"duration":0,"failureDetails":[],"failureMessages":[],"fullName":"Recheck Schema recheckExecutionAttributes should have correct status enum values","invocations":1,"location":null,"numPassingAsserts":1,"retryReasons":[],"status":"passed","title":"should have correct status enum values"},{"ancestorTitles":["Recheck Schema","recheckSettingsAttributes"],"duration":1,"failureDetails":[],"failureMessages":[],"fullName":"Recheck Schema recheckSettingsAttributes should be defined and have required fields","invocations":1,"location":null,"numPassingAsserts":9,"retryReasons":[],"status":"passed","title":"should be defined and have required fields"},{"ancestorTitles":["Recheck Schema","recheckSettingsAttributes"],"duration":0,"failureDetails":[],"failureMessages":[],"fullName":"Recheck Schema recheckSettingsAttributes should have correct primary key configuration","invocations":1,"location":null,"numPassingAsserts":3,"retryReasons":[],"status":"passed","title":"should have correct primary key configuration"},{"ancestorTitles":["Recheck Schema","recheckSettingsAttributes"],"duration":1,"failureDetails":[],"failureMessages":[],"fullName":"Recheck Schema recheckSettingsAttributes should have correct required fields configuration","invocations":1,"location":null,"numPassingAsserts":7,"retryReasons":[],"status":"passed","title":"should have correct required fields configuration"},{"ancestorTitles":["Recheck Schema","recheckSettingsAttributes"],"duration":0,"failureDetails":[],"failureMessages":[],"fullName":"Recheck Schema recheckSettingsAttributes should have correct default values","invocations":1,"location":null,"numPassingAsserts":5,"retryReasons":[],"status":"passed","title":"should have correct default values"},{"ancestorTitles":["Recheck Schema","recheckSettingsAttributes"],"duration":1,"failureDetails":[],"failureMessages":[],"fullName":"Recheck Schema recheckSettingsAttributes should have correct field mappings","invocations":1,"location":null,"numPassingAsserts":7,"retryReasons":[],"status":"passed","title":"should have correct field mappings"},{"ancestorTitles":["Recheck Schema","recheckExecutionModelOptions"],"duration":0,"failureDetails":[],"failureMessages":[],"fullName":"Recheck Schema recheckExecutionModelOptions should be defined and have required configuration","invocations":1,"location":null,"numPassingAsserts":5,"retryReasons":[],"status":"passed","title":"should be defined and have required configuration"},{"ancestorTitles":["Recheck Schema","recheckExecutionModelOptions"],"duration":1,"failureDetails":[],"failureMessages":[],"fullName":"Recheck Schema recheckExecutionModelOptions should have correct indexes configuration","invocations":1,"location":null,"numPassingAsserts":9,"retryReasons":[],"status":"passed","title":"should have correct indexes configuration"},{"ancestorTitles":["Recheck Schema","recheckExecutionModelOptions"],"duration":1,"failureDetails":[],"failureMessages":[],"fullName":"Recheck Schema recheckExecutionModelOptions should have unique index for execution_id","invocations":1,"location":null,"numPassingAsserts":3,"retryReasons":[],"status":"passed","title":"should have unique index for execution_id"},{"ancestorTitles":["Recheck Schema","recheckExecutionModelOptions"],"duration":0,"failureDetails":[],"failureMessages":[],"fullName":"Recheck Schema recheckExecutionModelOptions should have composite index for owner and repo","invocations":1,"location":null,"numPassingAsserts":2,"retryReasons":[],"status":"passed","title":"should have composite index for owner and repo"},{"ancestorTitles":["Recheck Schema","recheckSettingsModelOptions"],"duration":0,"failureDetails":[],"failureMessages":[],"fullName":"Recheck Schema recheckSettingsModelOptions should be defined and have required configuration","invocations":1,"location":null,"numPassingAsserts":5,"retryReasons":[],"status":"passed","title":"should be defined and have required configuration"},{"ancestorTitles":["Recheck Schema","recheckSettingsModelOptions"],"duration":1,"failureDetails":[],"failureMessages":[],"fullName":"Recheck Schema recheckSettingsModelOptions should have correct indexes configuration","invocations":1,"location":null,"numPassingAsserts":5,"retryReasons":[],"status":"passed","title":"should have correct indexes configuration"},{"ancestorTitles":["Recheck Schema","recheckSettingsModelOptions"],"duration":0,"failureDetails":[],"failureMessages":[],"fullName":"Recheck Schema recheckSettingsModelOptions should have unique index for owner and repo combination","invocations":1,"location":null,"numPassingAsserts":3,"retryReasons":[],"status":"passed","title":"should have unique index for owner and repo combination"},{"ancestorTitles":["Recheck Schema","recheckSettingsModelOptions"],"duration":1,"failureDetails":[],"failureMessages":[],"fullName":"Recheck Schema recheckSettingsModelOptions should have index for enabled status","invocations":1,"location":null,"numPassingAsserts":2,"retryReasons":[],"status":"passed","title":"should have index for enabled status"},{"ancestorTitles":["Recheck Schema","Schema Validation"],"duration":0,"failureDetails":[],"failureMessages":[],"fullName":"Recheck Schema Schema Validation should accept valid recheck execution data structure","invocations":1,"location":null,"numPassingAsserts":6,"retryReasons":[],"status":"passed","title":"should accept valid recheck execution data structure"},{"ancestorTitles":["Recheck Schema","Schema Validation"],"duration":1,"failureDetails":[],"failureMessages":[],"fullName":"Recheck Schema Schema Validation should accept valid recheck settings data structure","invocations":1,"location":null,"numPassingAsserts":7,"retryReasons":[],"status":"passed","title":"should accept valid recheck settings data structure"},{"ancestorTitles":["Recheck Schema","Schema Validation"],"duration":0,"failureDetails":[],"failureMessages":[],"fullName":"Recheck Schema Schema Validation should handle optional fields correctly","invocations":1,"location":null,"numPassingAsserts":5,"retryReasons":[],"status":"passed","title":"should handle optional fields correctly"},{"ancestorTitles":["Recheck Schema","Schema Validation"],"duration":1,"failureDetails":[],"failureMessages":[],"fullName":"Recheck Schema Schema Validation should validate status enum values","invocations":1,"location":null,"numPassingAsserts":4,"retryReasons":[],"status":"passed","title":"should validate status enum values"},{"ancestorTitles":["Recheck Schema","Schema Validation"],"duration":0,"failureDetails":[],"failureMessages":[],"fullName":"Recheck Schema Schema Validation should have proper field constraints","invocations":1,"location":null,"numPassingAsserts":4,"retryReasons":[],"status":"passed","title":"should have proper field constraints"},{"ancestorTitles":["Recheck Schema","Schema Validation"],"duration":0,"failureDetails":[],"failureMessages":[],"fullName":"Recheck Schema Schema Validation should have proper default values for settings","invocations":1,"location":null,"numPassingAsserts":4,"retryReasons":[],"status":"passed","title":"should have proper default values for settings"},{"ancestorTitles":["Recheck Schema","Index Configuration"],"duration":1,"failureDetails":[],"failureMessages":[],"fullName":"Recheck Schema Index Configuration should have correct index for owner and repo combination in execution","invocations":1,"location":null,"numPassingAsserts":2,"retryReasons":[],"status":"passed","title":"should have correct index for owner and repo combination in execution"},{"ancestorTitles":["Recheck Schema","Index Configuration"],"duration":0,"failureDetails":[],"failureMessages":[],"fullName":"Recheck Schema Index Configuration should have index for started_at in execution","invocations":1,"location":null,"numPassingAsserts":2,"retryReasons":[],"status":"passed","title":"should have index for started_at in execution"},{"ancestorTitles":["Recheck Schema","Index Configuration"],"duration":0,"failureDetails":[],"failureMessages":[],"fullName":"Recheck Schema Index Configuration should have index for status in execution","invocations":1,"location":null,"numPassingAsserts":2,"retryReasons":[],"status":"passed","title":"should have index for status in execution"},{"ancestorTitles":["Recheck Schema","Index Configuration"],"duration":1,"failureDetails":[],"failureMessages":[],"fullName":"Recheck Schema Index Configuration should have unique index for execution_id","invocations":1,"location":null,"numPassingAsserts":3,"retryReasons":[],"status":"passed","title":"should have unique index for execution_id"},{"ancestorTitles":["Recheck Schema","Index Configuration"],"duration":0,"failureDetails":[],"failureMessages":[],"fullName":"Recheck Schema Index Configuration should have composite index for rate limiting","invocations":1,"location":null,"numPassingAsserts":2,"retryReasons":[],"status":"passed","title":"should have composite index for rate limiting"},{"ancestorTitles":["Recheck Schema","Index Configuration"],"duration":0,"failureDetails":[],"failureMessages":[],"fullName":"Recheck Schema Index Configuration should have composite index for running tasks","invocations":1,"location":null,"numPassingAsserts":2,"retryReasons":[],"status":"passed","title":"should have composite index for running tasks"},{"ancestorTitles":["Recheck Schema","Index Configuration"],"duration":1,"failureDetails":[],"failureMessages":[],"fullName":"Recheck Schema Index Configuration should have unique index for settings owner/repo combination","invocations":1,"location":null,"numPassingAsserts":3,"retryReasons":[],"status":"passed","title":"should have unique index for settings owner/repo combination"},{"ancestorTitles":["Recheck Schema","Index Configuration"],"duration":0,"failureDetails":[],"failureMessages":[],"fullName":"Recheck Schema Index Configuration should have index for enabled status in settings","invocations":1,"location":null,"numPassingAsserts":2,"retryReasons":[],"status":"passed","title":"should have index for enabled status in settings"}],"endTime":1758419609193,"message":"","name":"C:\\Users\\a\\Documents\\Development\\veho\\health-checker\\backend\\tests\\unit\\domain\\recheck\\recheckSchema.test.ts","startTime":1758419608389,"status":"passed","summary":""},{"assertionResults":[{"ancestorTitles":["RecheckExecution Model","findAll"],"duration":9,"failureDetails":[],"failureMessages":[],"fullName":"RecheckExecution Model findAll should find all recheck executions","invocations":1,"location":null,"numPassingAsserts":2,"retryReasons":[],"status":"passed","title":"should find all recheck executions"},{"ancestorTitles":["RecheckExecution Model","findAll"],"duration":0,"failureDetails":[],"failureMessages":[],"fullName":"RecheckExecution Model findAll should find executions with where clause","invocations":1,"location":null,"numPassingAsserts":2,"retryReasons":[],"status":"passed","title":"should find executions with where clause"},{"ancestorTitles":["RecheckExecution Model","findAll"],"duration":1,"failureDetails":[],"failureMessages":[],"fullName":"RecheckExecution Model findAll should find executions with order and limit","invocations":1,"location":null,"numPassingAsserts":2,"retryReasons":[],"status":"passed","title":"should find executions with order and limit"},{"ancestorTitles":["RecheckExecution Model","findOne"],"duration":0,"failureDetails":[],"failureMessages":[],"fullName":"RecheckExecution Model findOne should find one recheck execution","invocations":1,"location":null,"numPassingAsserts":2,"retryReasons":[],"status":"passed","title":"should find one recheck execution"},{"ancestorTitles":["RecheckExecution Model","findOne"],"duration":0,"failureDetails":[],"failureMessages":[],"fullName":"RecheckExecution Model findOne should find execution by id","invocations":1,"location":null,"numPassingAsserts":2,"retryReasons":[],"status":"passed","title":"should find execution by id"},{"ancestorTitles":["RecheckExecution Model","findOne"],"duration":1,"failureDetails":[],"failureMessages":[],"fullName":"RecheckExecution Model findOne should return null when execution not found","invocations":1,"location":null,"numPassingAsserts":2,"retryReasons":[],"status":"passed","title":"should return null when execution not found"},{"ancestorTitles":["RecheckExecution Model","create"],"duration":0,"failureDetails":[],"failureMessages":[],"fullName":"RecheckExecution Model create should create a new recheck execution","invocations":1,"location":null,"numPassingAsserts":2,"retryReasons":[],"status":"passed","title":"should create a new recheck execution"},{"ancestorTitles":["RecheckExecution Model","create"],"duration":14,"failureDetails":[],"failureMessages":[],"fullName":"RecheckExecution Model create should handle creation errors","invocations":1,"location":null,"numPassingAsserts":2,"retryReasons":[],"status":"passed","title":"should handle creation errors"},{"ancestorTitles":["RecheckExecution Model","update"],"duration":0,"failureDetails":[],"failureMessages":[],"fullName":"RecheckExecution Model update should update recheck execution","invocations":1,"location":null,"numPassingAsserts":2,"retryReasons":[],"status":"passed","title":"should update recheck execution"},{"ancestorTitles":["RecheckExecution Model","update"],"duration":1,"failureDetails":[],"failureMessages":[],"fullName":"RecheckExecution Model update should handle update errors","invocations":1,"location":null,"numPassingAsserts":2,"retryReasons":[],"status":"passed","title":"should handle update errors"},{"ancestorTitles":["RecheckExecution Model","destroy"],"duration":0,"failureDetails":[],"failureMessages":[],"fullName":"RecheckExecution Model destroy should delete recheck execution","invocations":1,"location":null,"numPassingAsserts":2,"retryReasons":[],"status":"passed","title":"should delete recheck execution"},{"ancestorTitles":["RecheckExecution Model","destroy"],"duration":1,"failureDetails":[],"failureMessages":[],"fullName":"RecheckExecution Model destroy should handle delete errors","invocations":1,"location":null,"numPassingAsserts":2,"retryReasons":[],"status":"passed","title":"should handle delete errors"},{"ancestorTitles":["RecheckExecution Model","count"],"duration":0,"failureDetails":[],"failureMessages":[],"fullName":"RecheckExecution Model count should count recheck executions","invocations":1,"location":null,"numPassingAsserts":2,"retryReasons":[],"status":"passed","title":"should count recheck executions"},{"ancestorTitles":["RecheckExecution Model","count"],"duration":0,"failureDetails":[],"failureMessages":[],"fullName":"RecheckExecution Model count should count executions with where clause","invocations":1,"location":null,"numPassingAsserts":2,"retryReasons":[],"status":"passed","title":"should count executions with where clause"},{"ancestorTitles":["RecheckExecution Model","findAndCountAll"],"duration":0,"failureDetails":[],"failureMessages":[],"fullName":"RecheckExecution Model findAndCountAll should find and count all executions","invocations":1,"location":null,"numPassingAsserts":2,"retryReasons":[],"status":"passed","title":"should find and count all executions"},{"ancestorTitles":["RecheckExecution Model","findAndCountAll"],"duration":0,"failureDetails":[],"failureMessages":[],"fullName":"RecheckExecution Model findAndCountAll should find and count with pagination","invocations":1,"location":null,"numPassingAsserts":2,"retryReasons":[],"status":"passed","title":"should find and count with pagination"},{"ancestorTitles":["RecheckExecution Model","upsert"],"duration":0,"failureDetails":[],"failureMessages":[],"fullName":"RecheckExecution Model upsert should upsert recheck execution","invocations":1,"location":null,"numPassingAsserts":2,"retryReasons":[],"status":"passed","title":"should upsert recheck execution"},{"ancestorTitles":["RecheckExecution Model","upsert"],"duration":1,"failureDetails":[],"failureMessages":[],"fullName":"RecheckExecution Model upsert should handle upsert errors","invocations":1,"location":null,"numPassingAsserts":2,"retryReasons":[],"status":"passed","title":"should handle upsert errors"},{"ancestorTitles":["RecheckSettings Model","findAll"],"duration":0,"failureDetails":[],"failureMessages":[],"fullName":"RecheckSettings Model findAll should find all recheck settings","invocations":1,"location":null,"numPassingAsserts":2,"retryReasons":[],"status":"passed","title":"should find all recheck settings"},{"ancestorTitles":["RecheckSettings Model","findAll"],"duration":1,"failureDetails":[],"failureMessages":[],"fullName":"RecheckSettings Model findAll should find settings with where clause","invocations":1,"location":null,"numPassingAsserts":2,"retryReasons":[],"status":"passed","title":"should find settings with where clause"},{"ancestorTitles":["RecheckSettings Model","findOne"],"duration":1,"failureDetails":[],"failureMessages":[],"fullName":"RecheckSettings Model findOne should find one recheck setting","invocations":1,"location":null,"numPassingAsserts":2,"retryReasons":[],"status":"passed","title":"should find one recheck setting"},{"ancestorTitles":["RecheckSettings Model","findOne"],"duration":0,"failureDetails":[],"failureMessages":[],"fullName":"RecheckSettings Model findOne should find setting by owner and repo","invocations":1,"location":null,"numPassingAsserts":2,"retryReasons":[],"status":"passed","title":"should find setting by owner and repo"},{"ancestorTitles":["RecheckSettings Model","findOne"],"duration":0,"failureDetails":[],"failureMessages":[],"fullName":"RecheckSettings Model findOne should return null when setting not found","invocations":1,"location":null,"numPassingAsserts":2,"retryReasons":[],"status":"passed","title":"should return null when setting not found"},{"ancestorTitles":["RecheckSettings Model","create"],"duration":0,"failureDetails":[],"failureMessages":[],"fullName":"RecheckSettings Model create should create a new recheck setting","invocations":1,"location":null,"numPassingAsserts":2,"retryReasons":[],"status":"passed","title":"should create a new recheck setting"},{"ancestorTitles":["RecheckSettings Model","create"],"duration":1,"failureDetails":[],"failureMessages":[],"fullName":"RecheckSettings Model create should handle creation errors","invocations":1,"location":null,"numPassingAsserts":2,"retryReasons":[],"status":"passed","title":"should handle creation errors"},{"ancestorTitles":["RecheckSettings Model","update"],"duration":0,"failureDetails":[],"failureMessages":[],"fullName":"RecheckSettings Model update should update recheck setting","invocations":1,"location":null,"numPassingAsserts":2,"retryReasons":[],"status":"passed","title":"should update recheck setting"},{"ancestorTitles":["RecheckSettings Model","update"],"duration":0,"failureDetails":[],"failureMessages":[],"fullName":"RecheckSettings Model update should handle update errors","invocations":1,"location":null,"numPassingAsserts":2,"retryReasons":[],"status":"passed","title":"should handle update errors"},{"ancestorTitles":["RecheckSettings Model","destroy"],"duration":1,"failureDetails":[],"failureMessages":[],"fullName":"RecheckSettings Model destroy should delete recheck setting","invocations":1,"location":null,"numPassingAsserts":2,"retryReasons":[],"status":"passed","title":"should delete recheck setting"},{"ancestorTitles":["RecheckSettings Model","destroy"],"duration":0,"failureDetails":[],"failureMessages":[],"fullName":"RecheckSettings Model destroy should handle delete errors","invocations":1,"location":null,"numPassingAsserts":2,"retryReasons":[],"status":"passed","title":"should handle delete errors"},{"ancestorTitles":["RecheckSettings Model","count"],"duration":0,"failureDetails":[],"failureMessages":[],"fullName":"RecheckSettings Model count should count recheck settings","invocations":1,"location":null,"numPassingAsserts":2,"retryReasons":[],"status":"passed","title":"should count recheck settings"},{"ancestorTitles":["RecheckSettings Model","count"],"duration":1,"failureDetails":[],"failureMessages":[],"fullName":"RecheckSettings Model count should count settings with where clause","invocations":1,"location":null,"numPassingAsserts":2,"retryReasons":[],"status":"passed","title":"should count settings with where clause"},{"ancestorTitles":["RecheckSettings Model","upsert"],"duration":0,"failureDetails":[],"failureMessages":[],"fullName":"RecheckSettings Model upsert should upsert recheck setting","invocations":1,"location":null,"numPassingAsserts":2,"retryReasons":[],"status":"passed","title":"should upsert recheck setting"},{"ancestorTitles":["RecheckSettings Model","upsert"],"duration":0,"failureDetails":[],"failureMessages":[],"fullName":"RecheckSettings Model upsert should handle upsert errors","invocations":1,"location":null,"numPassingAsserts":2,"retryReasons":[],"status":"passed","title":"should handle upsert errors"}],"endTime":1758419609204,"message":"","name":"C:\\Users\\a\\Documents\\Development\\veho\\health-checker\\backend\\tests\\unit\\domain\\recheck\\recheckModel.test.ts","startTime":1758419608378,"status":"passed","summary":""},{"assertionResults":[{"ancestorTitles":["PRCheck","hasTestEvidence","既存のテスト証拠パターン"],"duration":6,"failureDetails":[],"failureMessages":[],"fullName":"PRCheck hasTestEvidence 既存のテスト証拠パターン yarn test コマンドを検出する","invocations":1,"location":null,"numPassingAsserts":1,"retryReasons":[],"status":"passed","title":"yarn test コマンドを検出する"},{"ancestorTitles":["PRCheck","hasTestEvidence","既存のテスト証拠パターン"],"duration":1,"failureDetails":[],"failureMessages":[],"fullName":"PRCheck hasTestEvidence 既存のテスト証拠パターン npm test コマンドを検出する","invocations":1,"location":null,"numPassingAsserts":1,"retryReasons":[],"status":"passed","title":"npm test コマンドを検出する"},{"ancestorTitles":["PRCheck","hasTestEvidence","既存のテスト証拠パターン"],"duration":0,"failureDetails":[],"failureMessages":[],"fullName":"PRCheck hasTestEvidence 既存のテスト証拠パターン php artisan test コマンドを検出する","invocations":1,"location":null,"numPassingAsserts":1,"retryReasons":[],"status":"passed","title":"php artisan test コマンドを検出する"},{"ancestorTitles":["PRCheck","hasTestEvidence","既存のテスト証拠パターン"],"duration":0,"failureDetails":[],"failureMessages":[],"fullName":"PRCheck hasTestEvidence 既存のテスト証拠パターン yarn コマンド（test以外）を検出する","invocations":1,"location":null,"numPassingAsserts":1,"retryReasons":[],"status":"passed","title":"yarn コマンド（test以外）を検出する"},{"ancestorTitles":["PRCheck","hasTestEvidence","既存のテスト証拠パターン"],"duration":1,"failureDetails":[],"failureMessages":[],"fullName":"PRCheck hasTestEvidence 既存のテスト証拠パターン スクリーンショット画像を検出する","invocations":1,"location":null,"numPassingAsserts":1,"retryReasons":[],"status":"passed","title":"スクリーンショット画像を検出する"},{"ancestorTitles":["PRCheck","hasTestEvidence","既存のテスト証拠パターン"],"duration":0,"failureDetails":[],"failureMessages":[],"fullName":"PRCheck hasTestEvidence 既存のテスト証拠パターン GitHub画像URLを検出する","invocations":1,"location":null,"numPassingAsserts":1,"retryReasons":[],"status":"passed","title":"GitHub画像URLを検出する"},{"ancestorTitles":["PRCheck","hasTestEvidence","既存のテスト証拠パターン"],"duration":0,"failureDetails":[],"failureMessages":[],"fullName":"PRCheck hasTestEvidence 既存のテスト証拠パターン GitHub Actions実行ログを検出する","invocations":1,"location":null,"numPassingAsserts":1,"retryReasons":[],"status":"passed","title":"GitHub Actions実行ログを検出する"},{"ancestorTitles":["PRCheck","hasTestEvidence","新規追加: パフォーマンステスト関連パターン"],"duration":0,"failureDetails":[],"failureMessages":[],"fullName":"PRCheck hasTestEvidence 新規追加: パフォーマンステスト関連パターン Performance Test キーワードを検出する","invocations":1,"location":null,"numPassingAsserts":1,"retryReasons":[],"status":"passed","title":"Performance Test キーワードを検出する"},{"ancestorTitles":["PRCheck","hasTestEvidence","新規追加: パフォーマンステスト関連パターン"],"duration":1,"failureDetails":[],"failureMessages":[],"fullName":"PRCheck hasTestEvidence 新規追加: パフォーマンステスト関連パターン Performance Benchmark キーワードを検出する","invocations":1,"location":null,"numPassingAsserts":1,"retryReasons":[],"status":"passed","title":"Performance Benchmark キーワードを検出する"},{"ancestorTitles":["PRCheck","hasTestEvidence","新規追加: パフォーマンステスト関連パターン"],"duration":0,"failureDetails":[],"failureMessages":[],"fullName":"PRCheck hasTestEvidence 新規追加: パフォーマンス
[...]
default-arg","locations":[{"start":{"line":71,"column":31},"end":{"line":71,"column":32}}]},"1":{"loc":{"start":{"line":92,"column":4},"end":{"line":94,"column":5}},"type":"if","locations":[{"start":{"line":92,"column":4},"end":{"line":94,"column":5}}]},"2":{"loc":{"start":{"line":92,"column":8},"end":{"line":92,"column":56}},"type":"binary-expr","locations":[{"start":{"line":92,"column":8},"end":{"line":92,"column":24}},{"start":{"line":92,"column":28},"end":{"line":92,"column":56}}]},"3":{"loc":{"start":{"line":101,"column":4},"end":{"line":103,"column":5}},"type":"if","locations":[{"start":{"line":101,"column":4},"end":{"line":103,"column":5}}]},"4":{"loc":{"start":{"line":121,"column":4},"end":{"line":125,"column":10}},"type":"default-arg","locations":[{"start":{"line":125,"column":8},"end":{"line":125,"column":10}}]},"5":{"loc":{"start":{"line":127,"column":12},"end":{"line":127,"column":22}},"type":"default-arg","locations":[{"start":{"line":127,"column":20},"end":{"line":127,"column":22}}]},"6":{"loc":{"start":{"line":127,"column":24},"end":{"line":127,"column":34}},"type":"default-arg","locations":[{"start":{"line":127,"column":33},"end":{"line":127,"column":34}}]},"7":{"loc":{"start":{"line":130,"column":4},"end":{"line":132,"column":5}},"type":"if","locations":[{"start":{"line":130,"column":4},"end":{"line":132,"column":5}}]},"8":{"loc":{"start":{"line":130,"column":8},"end":{"line":130,"column":35}},"type":"binary-expr","locations":[{"start":{"line":130,"column":8},"end":{"line":130,"column":14}},{"start":{"line":130,"column":18},"end":{"line":130,"column":35}}]},"9":{"loc":{"start":{"line":150,"column":30},"end":{"line":150,"column":57}},"type":"default-arg","locations":[{"start":{"line":150,"column":55},"end":{"line":150,"column":57}}]},"10":{"loc":{"start":{"line":171,"column":4},"end":{"line":173,"column":5}},"type":"if","locations":[{"start":{"line":171,"column":4},"end":{"line":173,"column":5}}]},"11":{"loc":{"start":{"line":181,"column":33},"end":{"line":181,"column":59}},"type":"default-arg","locations":[{"start":{"line":181,"column":57},"end":{"line":181,"column":59}}]},"12":{"loc":{"start":{"line":196,"column":4},"end":{"line":198,"column":5}},"type":"if","locations":[{"start":{"line":196,"column":4},"end":{"line":198,"column":5}}]},"13":{"loc":{"start":{"line":221,"column":40},"end":{"line":221,"column":77}},"type":"default-arg","locations":[{"start":{"line":221,"column":60},"end":{"line":221,"column":77}}]},"14":{"loc":{"start":{"line":258,"column":4},"end":{"line":260,"column":5}},"type":"if","locations":[{"start":{"line":258,"column":4},"end":{"line":260,"column":5}}]},"15":{"loc":{"start":{"line":287,"column":26},"end":{"line":287,"column":56}},"type":"binary-expr","locations":[{"start":{"line":287,"column":26},"end":{"line":287,"column":51}},{"start":{"line":287,"column":55},"end":{"line":287,"column":56}}]},"16":{"loc":{"start":{"line":288,"column":33},"end":{"line":288,"column":70}},"type":"binary-expr","locations":[{"start":{"line":288,"column":33},"end":{"line":288,"column":65}},{"start":{"line":288,"column":69},"end":{"line":288,"column":70}}]},"17":{"loc":{"start":{"line":289,"column":27},"end":{"line":289,"column":97}},"type":"binary-expr","locations":[{"start":{"line":289,"column":27},"end":{"line":289,"column":53}},{"start":{"line":289,"column":57},"end":{"line":289,"column":97}}]},"18":{"loc":{"start":{"line":290,"column":24},"end":{"line":290,"column":53}},"type":"binary-expr","locations":[{"start":{"line":290,"column":24},"end":{"line":290,"column":47}},{"start":{"line":290,"column":51},"end":{"line":290,"column":53}}]},"19":{"loc":{"start":{"line":291,"column":19},"end":{"line":291,"column":79}},"type":"cond-expr","locations":[{"start":{"line":291,"column":54},"end":{"line":291,"column":72}},{"start":{"line":291,"column":75},"end":{"line":291,"column":79}}]},"20":{"loc":{"start":{"line":295,"column":4},"end":{"line":301,"column":5}},"type":"if","locations":[{"start":{"line":295,"column":4},"end":{"line":301,"column":5}}]}},"s":{"0":1,"1":1,"2":1,"3":0,"4":0,"5":0,"6":0,"7":0,"8":0,"9":0,"10":0,"11":0,"12":0,"13":0,"14":0,"15":0,"16":0,"17":0,"18":0,"19":0,"20":0,"21":0,"22":0,"23":0,"24":0,"25":0,"26":0,"27":0,"28":0,"29":0,"30":0,"31":0,"32":0,"33":0,"34":0,"35":0,"36":0,"37":0,"38":0,"39":0,"40":0,"41":0,"42":0,"43":0,"44":0,"45":1,"46":0,"47":0,"48":0,"49":0,"50":0,"51":0,"52":0,"53":0,"54":1,"55":1,"56":1,"57":1},"f":{"0":0,"1":0,"2":0,"3":0,"4":0,"5":0,"6":0,"7":0,"8":0,"9":0,"10":0,"11":0,"12":0,"13":0,"14":0},"b":{"0":[0],"1":[0],"2":[0,0],"3":[0],"4":[0],"5":[0],"6":[0],"7":[0],"8":[0,0],"9":[0],"10":[0],"11":[0],"12":[0],"13":[0],"14":[0],"15":[0,0],"16":[0,0],"17":[0,0],"18":[0,0],"19":[0,0],"20":[0]}},"C:\\Users\\a\\Documents\\Development\\veho\\health-checker\\backend\\src\\utils\\environmentUtils.ts":{"path":"C:\\Users\\a\\Documents\\Development\\veho\\health-checker\\backend\\src\\utils\\environmentUtils.ts","statementMap":{"0":{"start":{"line":1,"column":0},"end":{"line":1,"column":29}},"1":{"start":{"line":2,"column":0},"end":{"line":2,"column":24}},"2":{"start":{"line":47,"column":48},"end":{"line":53,"column":6}},"3":{"start":{"line":56,"column":4},"end":{"line":68,"column":5}},"4":{"start":{"line":57,"column":20},"end":{"line":57,"column":40}},"5":{"start":{"line":58,"column":25},"end":{"line":58,"column":74}},"6":{"start":{"line":59,"column":6},"end":{"line":59,"column":43}},"7":{"start":{"line":61,"column":6},"end":{"line":67,"column":7}},"8":{"start":{"line":62,"column":8},"end":{"line":62,"column":41}},"9":{"start":{"line":63,"column":8},"end":{"line":63,"column":31}},"10":{"start":{"line":64,"column":13},"end":{"line":67,"column":7}},"11":{"start":{"line":65,"column":8},"end":{"line":65,"column":64}},"12":{"start":{"line":66,"column":8},"end":{"line":66,"column":31}},"13":{"start":{"line":71,"column":4},"end":{"line":79,"column":5}},"14":{"start":{"line":72,"column":20},"end":{"line":72,"column":40}},"15":{"start":{"line":73,"column":25},"end":{"line":73,"column":75}},"16":{"start":{"line":74,"column":6},"end":{"line":74,"column":43}},"17":{"start":{"line":76,"column":6},"end":{"line":78,"column":7}},"18":{"start":{"line":77,"column":8},"end":{"line":77,"column":64}},"19":{"start":{"line":82,"column":4},"end":{"line":88,"column":5}},"20":{"start":{"line":83,"column":34},"end":{"line":83,"column":102}},"21":{"start":{"line":84,"column":6},"end":{"line":87,"column":7}},"22":{"start":{"line":85,"column":8},"end":{"line":85,"column":85}},"23":{"start":{"line":86,"column":8},"end":{"line":86,"column":66}},"24":{"start":{"line":90,"column":4},"end":{"line":90,"column":18}},"25":{"start":{"line":101,"column":4},"end":{"line":107,"column":5}},"26":{"start":{"line":102,"column":6},"end":{"line":106,"column":8}},"27":{"start":{"line":110,"column":4},"end":{"line":152,"column":5}},"28":{"start":{"line":112,"column":8},"end":{"line":119,"column":9}},"29":{"start":{"line":113,"column":10},"end":{"line":118,"column":12}},"30":{"start":{"line":120,"column":8},"end":{"line":120,"column":14}},"31":{"start":{"line":123,"column":36},"end":{"line":123,"column":75}},"32":{"start":{"line":124,"column":8},"end":{"line":129,"column":10}},"33":{"start":{"line":132,"column":8},"end":{"line":139,"column":9}},"34":{"start":{"line":133,"column":10},"end":{"line":138,"column":12}},"35":{"start":{"line":140,"column":8},"end":{"line":140,"column":14}},"36":{"start":{"line":143,"column":8},"end":{"line":150,"column":9}},"37":{"start":{"line":144,"column":10},"end":{"line":149,"column":12}},"38":{"start":{"line":151,"column":8},"end":{"line":151,"column":14}},"39":{"start":{"line":154,"column":4},"end":{"line":158,"column":6}},"40":{"start":{"line":165,"column":4},"end":{"line":194,"column":5}},"41":{"start":{"line":167,"column":6},"end":{"line":167,"column":37}},"42":{"start":{"line":170,"column":20},"end":{"line":170,"column":48}},"43":{"start":{"line":171,"column":6},"end":{"line":176,"column":7}},"44":{"start":{"line":172,"column":8},"end":{"line":175,"column":10}},"45":{"start":{"line":179,"column":6},"end":{"line":186,"column":7}},"46":{"start":{"line":180,"column":8},"end":{"line":180,"column":58}},"47":{"start":{"line":182,"column":8},"end":{"line":185,"column":10}},"48":{"start":{"line":188,"column":6},"end":{"line":188,"column":31}},"49":{"start":{"line":190,"column":6},"end":{"line":193,"column":8}},"50":{"start":{"line":201,"column":36},"end":{"line":201,"column":38}},"51":{"start":{"line":204,"column":19},"end":{"line":204,"column":66}},"52":{"start":{"line":205,"column":4},"end":{"line":205,"column":62}},"53":{"start":{"line":208,"column":24},"end":{"line":208,"column":37}},"54":{"start":{"line":209,"column":4},"end":{"line":209,"column":74}},"55":{"start":{"line":212,"column":20},"end":{"line":212,"column":63}},"56":{"start":{"line":213,"column":4},"end":{"line":215,"column":5}},"57":{"start":{"line":214,"column":6},"end":{"line":214,"column":72}},"58":{"start":{"line":217,"column":4},"end":{"line":217,"column":25}},"59":{"start":{"line":224,"column":26},"end":{"line":224,"column":60}},"60":{"start":{"line":226,"column":4},"end":{"line":235,"column":5}},"61":{"start":{"line":227,"column":6},"end":{"line":234,"column":7}},"62":{"start":{"line":228,"column":8},"end":{"line":228,"column":58}},"63":{"start":{"line":229,"column":8},"end":{"line":229,"column":69}},"64":{"start":{"line":230,"column":8},"end":{"line":230,"column":28}},"65":{"start":{"line":232,"column":8},"end":{"line":232,"column":90}},"66":{"start":{"line":233,"column":8},"end":{"line":233,"column":17}},"67":{"start":{"line":237,"column":4},"end":{"line":237,"column":73}},"68":{"start":{"line":244,"column":4},"end":{"line":244,"column":54}},"69":{"start":{"line":245,"column":4},"end":{"line":245,"column":59}},"70":{"start":{"line":247,"column":4},"end":{"line":249,"column":5}},"71":{"start":{"line":248,"column":6},"end":{"line":248,"column":76}},"72":{"start":{"line":251,"column":4},"end":{"line":254,"column":5}},"73":{"start":{"line":252,"column":6},"end":{"line":252,"column":34}},"74":{"start":{"line":253,"column":6},"end":{"line":253,"column":75}},"75":{"start":{"line":253,"column":41},"end":{"line":253,"column":73}},"76":{"start":{"line":256,"column":4},"end":{"line":259,"column":5}},"77":{"start":{"line":257,"column":6},"end":{"line":257,"column":40}},"78":{"start":{"line":258,"column":6},"end":{"line":258,"column":74}},"79":{"start":{"line":258,"column":43},"end":{"line":258,"column":72}},"80":{"start":{"line":262,"column":4},"end":{"line":262,"column":53}},"81":{"start":{"line":263,"column":4},"end":{"line":270,"column":7}},"82":{"start":{"line":264,"column":21},"end":{"line":264,"column":74}},"83":{"start":{"line":265,"column":20},"end":{"line":265,"column":46}},"84":{"start":{"line":266,"column":6},"end":{"line":266,"column":57}},"85":{"start":{"line":267,"column":6},"end":{"line":269,"column":7}},"86":{"start":{"line":268,"column":8},"end":{"line":268,"column":55}},"87":{"start":{"line":25,"column":0},"end":{"line":25,"column":13}},"88":{"start":{"line":26,"column":26},"end":{"line":33,"column":4}},"89":{"start":{"line":35,"column":26},"end":{"line":41,"column":4}}},"fnMap":{"0":{"name":"(anonymous_8)","decl":{"start":{"line":46,"column":2},"end":{"line":46,"column":8}},"loc":{"start":{"line":46,"column":34},"end":{"line":91,"column":null}}},"1":{"name":"(anonymous_10)","decl":{"start":{"line":96,"column":10},"end":{"line":96,"column":16}},"loc":{"start":{"line":99,"column":21},"end":{"line":159,"column":null}}},"2":{"name":"(anonymous_12)","decl":{"start":{"line":164,"column":10},"end":{"line":164,"column":16}},"loc":{"start":{"line":164,"column":66},"end":{"line":195,"column":null}}},"3":{"name":"(anonymous_14)","decl":{"start":{"line":200,"column":10},"end":{"line":200,"column":16}},"loc":{"start":{"line":200,"column":44},"end":{"line":218,"column":null}}},"4":{"name":"(anonymous_16)","decl":{"start":{"line":223,"column":2},"end":{"line":223,"column":8}},"loc":{"start":{"line":223,"column":38},"end":{"line":238,"column":null}}},"5":{"name":"(anonymous_18)","decl":{"start":{"line":243,"column":2},"end":{"line":243,"column":8}},"loc":{"start":{"line":243,"column":64},"end":{"line":271,"column":3}}},"6":{"name":"(anonymous_19)","decl":{"start":{"line":253,"column":30},"end":{"line":253,"column":37}},"loc":{"start":{"line":253,"column":41},"end":{"line":253,"column":73}}},"7":{"name":"(anonymous_20)","decl":{"start":{"line":258,"column":35},"end":{"line":258,"column":39}},"loc":{"start":{"line":258,"column":43},"end":{"line":258,"column":72}}},"8":{"name":"(anonymous_21)","decl":{"start":{"line":263,"column":43},"end":{"line":263,"column":44}},"loc":{"start":{"line":263,"column":66},"end":{"line":270,"column":5}}}},"branchMap":{"0":{"loc":{"start":{"line":61,"column":6},"end":{"line":67,"column":7}},"type":"if","locations":[{"start":{"line":61,"column":6},"end":{"line":67,"column":7}},{"start":{"line":64,"column":13},"end":{"line":67,"column":7}}]},"1":{"loc":{"start":{"line":64,"column":13},"end":{"line":67,"column":7}},"type":"if","locations":[{"start":{"line":64,"column":13},"end":{"line":67,"column":7}}]},"2":{"loc":{"start":{"line":76,"column":6},"end":{"line":78,"column":7}},"type":"if","locations":[{"start":{"line":76,"column":6},"end":{"line":78,"column":7}}]},"3":{"loc":{"start":{"line":76,"column":10},"end":{"line":76,"column":50}},"type":"binary-expr","locations":[{"start":{"line":76,"column":10},"end":{"line":76,"column":27}},{"start":{"line":76,"column":31},"end":{"line":76,"column":50}}]},"4":{"loc":{"start":{"line":82,"column":4},"end":{"line":88,"column":5}},"type":"if","locations":[{"start":{"line":82,"column":4},"end":{"line":88,"column":5}}]},"5":{"loc":{"start":{"line":84,"column":6},"end":{"line":87,"column":7}},"type":"if","locations":[{"start":{"line":84,"column":6},"end":{"line":87,"column":7}}]},"6":{"loc":{"start":{"line":101,"column":4},"end":{"line":107,"column":5}},"type":"if","locations":[{"start":{"line":101,"column":4},"end":{"line":107,"column":5}}]},"7":{"loc":{"start":{"line":105,"column":15},"end":{"line":105,"column":80}},"type":"cond-expr","locations":[{"start":{"line":105,"column":26},"end":{"line":105,"column":68}},{"start":{"line":105,"column":71},"end":{"line":105,"column":80}}]},"8":{"loc":{"start":{"line":110,"column":4},"end":{"line":152,"column":5}},"type":"switch","locations":[{"start":{"line":111,"column":6},"end":{"line":120,"column":14}},{"start":{"line":122,"column":6},"end":{"line":129,"column":10}},{"start":{"line":131,"column":6},"end":{"line":140,"column":14}},{"start":{"line":142,"column":6},"end":{"line":151,"column":14}}]},"9":{"loc":{"start":{"line":112,"column":8},"end":{"line":119,"column":9}},"type":"if","locations":[{"start":{"line":112,"column":8},"end":{"line":119,"column":9}}]},"10":{"loc":{"start":{"line":112,"column":12},"end":{"line":112,"column":95}},"type":"binary-expr","locations":[{"start":{"line":112,"column":12},"end":{"line":112,"column":37}},{"start":{"line":112,"column":41},"end":{"line":112,"column":66}},{"start":{"line":112,"column":70},"end":{"line":112,"column":95}}]},"11":{"loc":{"start":{"line":132,"column":8},"end":{"line":139,"column":9}},"type":"if","locations":[{"start":{"line":132,"column":8},"end":{"line":139,"column":9}}]},"12":{"loc":{"start":{"line":132,"column":12},"end":{"line":132,"column":41}},"type":"binary-expr","locations":[{"start":{"line":132,"column":12},"end":{"line":132,"column":18}},{"start":{"line":132,"column":22},"end":{"line":132,"column":41}}]},"13":{"loc":{"start":{"line":143,"column":8},"end":{"line":150,"column":9}},"type":"if","locations":[{"start":{"line":143,"column":8},"end":{"line":150,"column":9}}]},"14":{"loc":{"start":{"line":156,"column":13},"end":{"line":156,"column":108}},"type":"cond-expr","locations":[{"start":{"line":156,"column":71},"end":{"line":156,"column":100}},{"start":{"line":156,"column":103},"end":{"line":156,"column":108}}]},"15":{"loc":{"start":{"line":156,"column":13},"end":{"line":156,"column":68}},"type":"binary-expr","locations":[{"start":{"line":156,"column":13},"end":{"line":156,"column":41}},{"start":{"line":156,"column":45},"end":{"line":156,"column":68}}]},"16":{"loc":{"start":{"line":171,"column":6},"end":{"line":176,"column":7}},"type":"if","locations":[{"start":{"line":171,"column":6},"end":{"line":176,"column":7}}]},"17":{"loc":{"start":{"line":192,"column":65},"end":{"line":192,"column":121}},"type":"cond-expr","locations":[{"start":{"line":192,"column":90},"end":{"line":192,"column":103}},{"start":{"line":192,"column":106},"end":{"line":192,"column":121}}]},"18":{"loc":{"start":{"line":204,"column":19},"end":{"line":204,"column":66}},"type":"binary-expr","locations":[{"start":{"line":204,"column":19},"end":{"line":204,"column":37}},{"start":{"line":204,"column":41},"end":{"line":204,"column":56}},{"start":{"line":204,"column":60},"end":{"line":204,"column":66}}]},"19":{"loc":{"start":{"line":212,"column":20},"end":{"line":212,"column":63}},"type":"binary-expr","locations":[{"start":{"line":212,"column":20},"end":{"line":212,"column":36}},{"start":{"line":212,"column":40},"end":{"line":212,"column":63}}]},"20":{"loc":{"start":{"line":213,"column":4},"end":{"line":215,"column":5}},"type":"if","locations":[{"start":{"line":213,"column":4},"end":{"line":215,"column":5}}]},"21":{"loc":{"start":{"line":245,"column":29},"end":{"line":245,"column":55}},"type":"cond-expr","locations":[{"start":{"line":245,"column":46},"end":{"line":245,"column":49}},{"start":{"line":245,"column":52},"end":{"line":245,"column":55}}]},"22":{"loc":{"start":{"line":247,"column":4},"end":{"line":249,"column":5}},"type":"if","locations":[{"start":{"line":247,"column":4},"end":{"line":249,"column":5}}]},"23":{"loc":{"start":{"line":251,"column":4},"end":{"line":254,"column":5}},"type":"if","locations":[{"start":{"line":251,"column":4},"end":{"line":254,"column":5}}]},"24":{"loc":{"start":{"line":256,"column":4},"end":{"line":259,"column":5}},"type":"if","locations":[{"start":{"line":256,"column":4},"end":{"line":259,"column":5}}]},"25":{"loc":{"start":{"line":264,"column":21},"end":{"line":264,"column":74}},"type":"cond-expr","locations":[{"start":{"line":264,"column":39},"end":{"line":264,"column":67}},{"start":{"line":264,"column":71},"end":{"line":264,"column":74}}]},"26":{"loc":{"start":{"line":264,"column":39},"end":{"line":264,"column":67}},"type":"cond-expr","locations":[{"start":{"line":264,"column":57},"end":{"line":264,"column":60}},{"start":{"line":264,"column":63},"end":{"line":264,"column":67}}]},"27":{"loc":{"start":{"line":265,"column":20},"end":{"line":265,"column":46}},"type":"binary-expr","locations":[{"start":{"line":265,"column":20},"end":{"line":265,"column":33}},{"start":{"line":265,"column":37},"end":{"line":265,"column":46}}]},"28":{"loc":{"start":{"line":267,"column":6},"end":{"line":269,"column":7}},"type":"if","locations":[{"start":{"line":267,"column":6},"end":{"line":269,"column":7}}]}},"s":{"0":1,"1":1,"2":0,"3":0,"4":0,"5":0,"6":0,"7":0,"8":0,"9":0,"10":0,"11":0,"12":0,"13":0,"14":0,"15":0,"16":0,"17":0,"18":0,"19":0,"20":0,"21":0,"22":0,"23":0,"24":0,"25":0,"26":0,"27":0,"28":0,"29":0,"30":0,"31":0,"32":0,"33":0,"34":0,"35":0,"36":0,"37":0,"38":0,"39":0,"40":0,"41":0,"42":0,"43":0,"44":0,"45":0,"46":0,"47":0,"48":0,"49":0,"50":0,"51":0,"52":0,"53":0,"54":0,"55":0,"56":0,"57":0,"58":0,"59":0,"60":0,"61":0,"62":0,"63":0,"64":0,"65":0,"66":0,"67":0,"68":0,"69":0,"70":0,"71":0,"72":0,"73":0,"74":0,"75":0,"76":0,"77":0,"78":0,"79":0,"80":0,"81":0,"82":0,"83":0,"84":0,"85":0,"86":0,"87":1,"88":1,"89":1},"f":{"0":0,"1":0,"2":0,"3":0,"4":0,"5":0,"6":0,"7":0,"8":0},"b":{"0":[0,0],"1":[0],"2":[0],"3":[0,0],"4":[0],"5":[0],"6":[0],"7":[0,0],"8":[0,0,0,0],"9":[0],"10":[0,0,0],"11":[0],"12":[0,0],"13":[0],"14":[0,0],"15":[0,0],"16":[0],"17":[0,0],"18":[0,0,0],"19":[0,0],"20":[0],"21":[0,0],"22":[0],"23":[0],"24":[0],"25":[0,0],"26":[0,0],"27":[0,0],"28":[0]}}}}
